<?xml version="1.0" encoding="UTF-8" ?>
<testsuite tests="5" failures="0" name="com.test.runnerfiles.ZapRunner" time="0.121" errors="0" skipped="0">
  <properties>
[...]
</properties>
  <testcase classname="Scenario: After all the tests have finished executing run zap spider and zap active scan" name="When Spider scan is triggered and allowed to complete" time="0.005"/>
  <testcase classname="Scenario: After all the tests have finished executing run zap spider and zap active scan" name="When Active scan is triggered and allowed to complete" time="0"/>
  <testcase classname="Scenario: After all the tests have finished executing run zap spider and zap active scan" name="When Zap scan results are exported to an external xml and html file" time="0"/>
  <testcase classname="Scenario: After all the tests have finished executing run zap spider and zap active scan" name="Then Zap scan results are generated successfully" time="0"/>
  <testcase classname="Scenario: After all the tests have finished executing run zap spider and zap active scan" name="Scenario: After all the tests have finished executing run zap spider and zap active scan" time="0.116"/>
</testsuite>