<?xml version="1.0" encoding="UTF-8" ?>
<testsuite tests="17" failures="0" name="com.test.runnerfiles.RunBrowserStackTests" time="0.193" errors="0" skipped="0">
  <properties>
[...]
</properties>
  <testcase classname="Scenario: 1 I can successfully remove a bank account from my Tax account" name="Given I have been authenticated as user with nino TM342715C" time="0.003"/>
  <testcase classname="Scenario: 1 I can successfully remove a bank account from my Tax account" name="Then I should be presented with &quot;WDYWTD&quot; page" time="0"/>
  <testcase classname="Scenario: 1 I can successfully remove a bank account from my Tax account" name="And I am on what do you want to do page and select current year" time="0"/>
  <testcase classname="Scenario: 1 I can successfully remove a bank account from my Tax account" name="Then I should be presented with &quot;Income Tax Summary&quot; page" time="0"/>
  <testcase classname="Scenario: 1 I can successfully remove a bank account from my Tax account" name="And I navigate to the &quot;Bbsi overview&quot; page" time="0"/>
  <testcase classname="Scenario: 1 I can successfully remove a bank account from my Tax account" name="Then I should be presented with &quot;Bbsi overview&quot; page" time="0"/>
  <testcase classname="Scenario: 1 I can successfully remove a bank account from my Tax account" name="And I navigate to the &quot;Bank Account details&quot; page" time="0"/>
  <testcase classname="Scenario: 1 I can successfully remove a bank account from my Tax account" name="Then I should be presented with &quot;Bank Account details&quot; page" time="0"/>
  <testcase classname="Scenario: 1 I can successfully remove a bank account from my Tax account" name="Scenario: 1 I can successfully remove a bank account from my Tax account" time="0.082"/>
  <testcase classname="Scenario: 2- English user with Simple Tax view" name="Given I have been authenticated as user with nino AM717213A" time="0"/>
  <testcase classname="Scenario: 2- English user with Simple Tax view" name="And I am on what do you want to do page and select current year" time="0"/>
  <testcase classname="Scenario: 2- English user with Simple Tax view" name="Then I should be presented with &quot;Income Tax Summary&quot; page" time="0"/>
  <testcase classname="Scenario: 2- English user with Simple Tax view" name="When I navigate to the &quot;Your Income Tax Estimate&quot; page" time="0"/>
  <testcase classname="Scenario: 2- English user with Simple Tax view" name="Then I should be presented with &quot;Your Income Tax Estimate&quot; page" time="0"/>
  <testcase classname="Scenario: 2- English user with Simple Tax view" name="And I click on view detailed income tax estimate button" time="0"/>
  <testcase classname="Scenario: 2- English user with Simple Tax view" name="Then I should be presented with &quot;Your Tax Free Amount&quot; page" time="0"/>
  <testcase classname="Scenario: 2- English user with Simple Tax view" name="Scenario: 2- English user with Simple Tax view" time="0.108"/>
</testsuite>